<?xml version="1.0" encoding="UTF-8"?>
<testng-results skipped="0" failed="0" total="1" passed="1">
  <reporter-output>
  </reporter-output>
  <suite name="Surefire suite" duration-ms="12372" started-at="2017-10-12T07:28:30Z" finished-at="2017-10-12T07:28:42Z">
    <groups>
    </groups>
    <test name="Surefire test" duration-ms="12372" started-at="2017-10-12T07:28:30Z" finished-at="2017-10-12T07:28:42Z">
      <class name="com.selenium.test.junit.tests.GooglePageTest">
        <test-method status="PASS" signature="testSearch()[pri:0, instance:testSearch(com.selenium.test.junit.tests.GooglePageTest)]" name="testSearch" duration-ms="12253" started-at="2017-10-12T10:28:30Z" finished-at="2017-10-12T10:28:42Z">
          <reporter-output>
          </reporter-output>
        </test-method> <!-- testSearch -->
      </class> <!-- com.selenium.test.junit.tests.GooglePageTest -->
    </test> <!-- Surefire test -->
  </suite> <!-- Surefire suite -->
</testng-results>
