<?xml version="1.0" encoding="UTF-8"?>
<!-- Generated by org.testng.reporters.JUnitXMLReporter -->
<testsuite hostname="DESKTOP-GVASRPU" name="Command line test" tests="2" failures="0" timestamp="11 Oct 2017 19:58:53 GMT" time="5.652" errors="0">
  <testcase name="@BeforeTest beforeTest" time="0.0" classname="com.selenium.test.testng.tests.PageObjectTest">
    <failure type="java.lang.IllegalStateException" message="Driver has already been initialized. Quit it before using this method">
      <![CDATA[java.lang.IllegalStateException: Driver has already been initialized. Quit it before using this method
	at com.selenium.test.webtestsbase.WebDriverFactory.startBrowser(WebDriverFactory.java:84)
	at com.selenium.test.testng.tests.SimpleTest.beforeTest(SimpleTest.java:24)
... Removed 32 stack frames]]>
    </failure>
  </testcase> <!-- @BeforeTest beforeTest -->
  <testcase name="@AfterTest afterTest" time="0.0" classname="com.selenium.test.testng.tests.PageObjectTest">
    <skipped/>
  </testcase> <!-- @AfterTest afterTest -->
  <testcase name="@AfterTest afterTest" time="0.0" classname="com.selenium.test.testng.tests.PageObjectTest">
    <skipped/>
  </testcase> <!-- @AfterTest afterTest -->
  <testcase name="testSearch" time="0.001" classname="com.selenium.test.testng.tests.PageObjectTest">
    <skipped/>
  </testcase> <!-- testSearch -->
  <testcase name="testFillGoogleForm" time="0.0" classname="com.selenium.test.testng.tests.SimpleTest">
    <skipped/>
  </testcase> <!-- testFillGoogleForm -->
</testsuite> <!-- Command line test -->
