<?xml version="1.0" encoding="UTF-8"?>
<testng-results skipped="2" failed="0" total="2" passed="0">
  <reporter-output>
  </reporter-output>
  <suite name="Surefire suite" duration-ms="5624" started-at="2017-10-11T20:26:01Z" finished-at="2017-10-11T20:26:06Z">
    <groups>
    </groups>
    <test name="Surefire test" duration-ms="5624" started-at="2017-10-11T20:26:01Z" finished-at="2017-10-11T20:26:06Z">
      <class name="com.selenium.test.testng.tests.PageObjectTest">
        <test-method status="PASS" signature="beforeTest()[pri:0, instance:com.selenium.test.testng.tests.PageObjectTest@67b6d4ae]" name="beforeTest" is-config="true" duration-ms="5595" started-at="2017-10-11T23:26:01Z" finished-at="2017-10-11T23:26:06Z">
          <reporter-output>
          </reporter-output>
        </test-method> <!-- beforeTest -->
        <test-method status="FAIL" signature="beforeTest()[pri:0, instance:com.selenium.test.testng.tests.SimpleTest@2cb4c3ab]" name="beforeTest" is-config="true" duration-ms="0" started-at="2017-10-11T23:26:06Z" finished-at="2017-10-11T23:26:06Z">
          <exception class="java.lang.IllegalStateException">
            <message>
              <![CDATA[Driver has already been initialized. Quit it before using this method]]>
            </message>
            <full-stacktrace>
              <![CDATA[java.lang.IllegalStateException: Driver has already been initialized. Quit it before using this method
	at com.selenium.test.webtestsbase.WebDriverFactory.startBrowser(WebDriverFactory.java:84)
	at com.selenium.test.testng.tests.SimpleTest.beforeTest(SimpleTest.java:24)
	at sun.reflect.NativeMethodAccessorImpl.invoke0(Native Method)
	at sun.reflect.NativeMethodAccessorImpl.invoke(NativeMethodAccessorImpl.java:62)
	at sun.reflect.DelegatingMethodAccessorImpl.invoke(DelegatingMethodAccessorImpl.java:43)
	at java.lang.reflect.Method.invoke(Method.java:498)
	at org.testng.internal.MethodInvocationHelper.invokeMethod(MethodInvocationHelper.java:85)
	at org.testng.internal.Invoker.invokeConfigurationMethod(Invoker.java:552)
	at org.testng.internal.Invoker.invokeConfigurations(Invoker.java:215)
	at org.testng.internal.Invoker.invokeConfigurations(Invoker.java:140)
	at org.testng.TestRunner.beforeRun(TestRunner.java:641)
	at org.testng.TestRunner.run(TestRunner.java:609)
	at org.testng.SuiteRunner.runTest(SuiteRunner.java:348)
	at org.testng.SuiteRunner.runSequentially(SuiteRunner.java:343)
	at org.testng.SuiteRunner.privateRun(SuiteRunner.java:305)
	at org.testng.SuiteRunner.run(SuiteRunner.java:254)
	at org.testng.SuiteRunnerWorker.runSuite(SuiteRunnerWorker.java:52)
	at org.testng.SuiteRunnerWorker.run(SuiteRunnerWorker.java:86)
	at org.testng.TestNG.runSuitesSequentially(TestNG.java:1224)
	at org.testng.TestNG.runSuitesLocally(TestNG.java:1149)
	at org.testng.TestNG.run(TestNG.java:1057)
	at org.apache.maven.surefire.testng.TestNGExecutor.run(TestNGExecutor.java:135)
	at org.apache.maven.surefire.testng.TestNGDirectoryTestSuite.executeMulti(TestNGDirectoryTestSuite.java:193)
	at org.apache.maven.surefire.testng.TestNGDirectoryTestSuite.execute(TestNGDirectoryTestSuite.java:94)
	at org.apache.maven.surefire.testng.TestNGProvider.invoke(TestNGProvider.java:146)
	at org.apache.maven.surefire.booter.ForkedBooter.invokeProviderInSameClassLoader(ForkedBooter.java:373)
	at org.apache.maven.surefire.booter.ForkedBooter.runSuitesInProcess(ForkedBooter.java:334)
	at org.apache.maven.surefire.booter.ForkedBooter.execute(ForkedBooter.java:119)
	at org.apache.maven.surefire.booter.ForkedBooter.main(ForkedBooter.java:407)
]]>
            </full-stacktrace>
          </exception> <!-- java.lang.IllegalStateException -->
          <reporter-output>
          </reporter-output>
        </test-method> <!-- beforeTest -->
        <test-method status="SKIP" signature="testSearch()[pri:0, instance:com.selenium.test.testng.tests.PageObjectTest@67b6d4ae]" name="testSearch" duration-ms="1" started-at="2017-10-11T23:26:06Z" finished-at="2017-10-11T23:26:06Z">
          <reporter-output>
          </reporter-output>
        </test-method> <!-- testSearch -->
        <test-method status="SKIP" signature="afterTest()[pri:0, instance:com.selenium.test.testng.tests.PageObjectTest@67b6d4ae]" name="afterTest" is-config="true" duration-ms="0" started-at="2017-10-11T23:26:06Z" finished-at="2017-10-11T23:26:06Z">
          <reporter-output>
          </reporter-output>
        </test-method> <!-- afterTest -->
        <test-method status="SKIP" signature="afterTest()[pri:0, instance:com.selenium.test.testng.tests.SimpleTest@2cb4c3ab]" name="afterTest" is-config="true" duration-ms="0" started-at="2017-10-11T23:26:06Z" finished-at="2017-10-11T23:26:06Z">
          <reporter-output>
          </reporter-output>
        </test-method> <!-- afterTest -->
      </class> <!-- com.selenium.test.testng.tests.PageObjectTest -->
      <class name="com.selenium.test.testng.tests.SimpleTest">
        <test-method status="SKIP" signature="testFillGoogleForm()[pri:0, instance:com.selenium.test.testng.tests.SimpleTest@2cb4c3ab]" name="testFillGoogleForm" duration-ms="0" started-at="2017-10-11T23:26:06Z" finished-at="2017-10-11T23:26:06Z">
          <reporter-output>
          </reporter-output>
        </test-method> <!-- testFillGoogleForm -->
      </class> <!-- com.selenium.test.testng.tests.SimpleTest -->
    </test> <!-- Surefire test -->
  </suite> <!-- Surefire suite -->
</testng-results>
