<?xml version="1.0" encoding="UTF-8"?>
<testsuite xmlns:xsi="http://www.w3.org/2001/XMLSchema-instance" xsi:noNamespaceSchemaLocation="https://maven.apache.org/surefire/maven-surefire-plugin/xsd/surefire-test-report.xsd" name="com.selenium.test.junit.tests.SimpleTest" time="16.085" tests="1" errors="1" skipped="0" failures="0">
  <properties>
[...]
</properties>
  <testcase name="testFillGoogleForm" classname="com.selenium.test.junit.tests.SimpleTest" time="16.084">
    <error message="Unable to locate element: #masthead-search-term&#10;For documentation on this error, please visit: http://seleniumhq.org/exceptions/no_such_element.html&#10;Build info: version: &apos;3.5.3&apos;, revision: &apos;a88d25fe6b&apos;, time: &apos;2017-08-29T12:42:44.417Z&apos;&#10;System info: host: &apos;ip-172-31-0-63&apos;, ip: &apos;172.31.0.63&apos;, os.name: &apos;Linux&apos;, os.arch: &apos;amd64&apos;, os.version: &apos;4.4.0-1038-aws&apos;, java.version: &apos;1.8.0_131&apos;&#10;Driver info: org.openqa.selenium.remote.RemoteWebDriver&#10;Capabilities [{moz:profile=/tmp/rust_mozprofile.hQUDPaSrQSnS, rotatable=false, timeouts={implicit=0, pageLoad=300000, script=30000}, pageLoadStrategy=normal, moz:headless=false, platform=LINUX, specificationLevel=0, moz:accessibilityChecks=false, acceptInsecureCerts=true, browserVersion=56.0, platformVersion=4.4.0-1038-aws, moz:processID=640, browserName=firefox, javascriptEnabled=true, platformName=LINUX}]&#10;Session ID: b0df21b0-5d8b-4977-bf79-202a8f62b5d7&#10;*** Element info: {Using=css selector, value=#masthead-search-term}" type="org.openqa.selenium.NoSuchElementException">org.openqa.selenium.NoSuchElementException: 
Unable to locate element: #masthead-search-term
For documentation on this error, please visit: http://seleniumhq.org/exceptions/no_such_element.html
Build info: version: '3.5.3', revision: 'a88d25fe6b', time: '2017-08-29T12:42:44.417Z'
System info: host: 'ip-172-31-0-63', ip: '172.31.0.63', os.name: 'Linux', os.arch: 'amd64', os.version: '4.4.0-1038-aws', java.version: '1.8.0_131'
Driver info: org.openqa.selenium.remote.RemoteWebDriver
Capabilities [{moz:profile=/tmp/rust_mozprofile.hQUDPaSrQSnS, rotatable=false, timeouts={implicit=0, pageLoad=300000, script=30000}, pageLoadStrategy=normal, moz:headless=false, platform=LINUX, specificationLevel=0, moz:accessibilityChecks=false, acceptInsecureCerts=true, browserVersion=56.0, platformVersion=4.4.0-1038-aws, moz:processID=640, browserName=firefox, javascriptEnabled=true, platformName=LINUX}]
Session ID: b0df21b0-5d8b-4977-bf79-202a8f62b5d7
*** Element info: {Using=css selector, value=#masthead-search-term}
	at com.selenium.test.junit.tests.SimpleTest.testFillGoogleForm(SimpleTest.java:34)
</error>
    <system-out><![CDATA[ScreenShot method called
]]></system-out>
    <system-err><![CDATA[Oct 13, 2017 8:15:45 AM org.openqa.selenium.remote.ProtocolHandshake createSession
INFO: Detected dialect: W3C
]]></system-err>
  </testcase>
</testsuite>