<?xml version="1.0" encoding="UTF-8"?>
<testsuite xmlns:xsi="http://www.w3.org/2001/XMLSchema-instance" xsi:noNamespaceSchemaLocation="https://maven.apache.org/surefire/maven-surefire-plugin/xsd/surefire-test-report.xsd" name="TestSuite" time="30.554" tests="8" errors="0" skipped="4" failures="3">
  <properties>
[...]
</properties>
  <testcase name="beforeTest" classname="com.selenium.test.testng.tests.PageObjectTest" time="5.95">
    <failure message="Driver has already been initialized. Quit it before using this method" type="java.lang.IllegalStateException">java.lang.IllegalStateException: Driver has already been initialized. Quit it before using this method
</failure>
    <system-err><![CDATA[1507753562139	geckodriver	INFO	geckodriver 0.19.0
1507753562150	geckodriver	INFO	Listening on 127.0.0.1:40835
1507753563126	mozrunner::runner	INFO	Running command: "C:\\Program Files\\Mozilla Firefox\\firefox.exe" "-marionette" "-profile" "C:\\Users\\park\\AppData\\Local\\Temp\\rust_mozprofile.KKqueb89ZKSb"
1507753563658	addons.xpi	WARN	Error parsing extensions state: [Exception... "Component returned failure code: 0x80520012 (NS_ERROR_FILE_NOT_FOUND) [amIAddonManagerStartup.readStartupData]"  nsresult: "0x80520012 (NS_ERROR_FILE_NOT_FOUND)"  location: "JS frame :: resource://gre/modules/addons/XPIProvider.jsm :: loadExtensionState :: line 1554"  data: no] Stack trace: loadExtensionState()@resource://gre/modules/addons/XPIProvider.jsm:1554 < getInstallState()@resource://gre/modules/addons/XPIProvider.jsm:1589 < checkForChanges()@resource://gre/modules/addons/XPIProvider.jsm:3109 < startup()@resource://gre/modules/addons/XPIProvider.jsm:2188 < callProvider()@resource://gre/modules/AddonManager.jsm:269 < _startProvider()@resource://gre/modules/AddonManager.jsm:739 < startup()@resource://gre/modules/AddonManager.jsm:906 < startup()@resource://gre/modules/AddonManager.jsm:3090 < observe()@jar:file:///C:/Program%20Files/Mozilla%20Firefox/omni.ja!/components/addonManager.js:65
1507753564171	Marionette	INFO	Enabled via --marionette
Unable to read VR Path Registry from C:\Users\park\AppData\Local\openvr\openvrpaths.vrpath
[Child 6292] WARNING: pipe error: 109: file z:/build/build/src/ipc/chromium/src/chrome/common/ipc_channel_win.cc, line 346
[Child 6292] WARNING: pipe error: 109: file z:/build/build/src/ipc/chromium/src/chrome/common/ipc_channel_win.cc, line 346
1507753566585	Marionette	INFO	Listening on port 58637
1507753566767	Marionette	WARN	TLS certificate errors will be ignored for this session
1507753566819	Marionette	DEBUG	Register listener.js for window 4294967297
????. 11, 2017 11:26:06 PM org.openqa.selenium.remote.ProtocolHandshake createSession
INFO: Detected dialect: W3C
]]></system-err>
  </testcase>
  <testcase name="testSearch" classname="com.selenium.test.testng.tests.PageObjectTest" time="0">
    <skipped/>
  </testcase>
  <testcase name="testFillGoogleForm" classname="com.selenium.test.testng.tests.SimpleTest" time="0">
    <skipped/>
  </testcase>
  <testcase name="afterTest" classname="com.selenium.test.testng.tests.PageObjectTest" time="0">
    <skipped/>
  </testcase>
  <testcase name="afterTest" classname="com.selenium.test.testng.tests.PageObjectTest" time="0">
    <skipped/>
  </testcase>
  <testcase name="testSearch on testSearch(com.selenium.test.junit.tests.PageObjectTest)" classname="com.selenium.test.junit.tests.PageObjectTest" time="0.753">
    <failure message="Driver has already been initialized. Quit it before using this method" type="java.lang.IllegalStateException">java.lang.IllegalStateException: Driver has already been initialized. Quit it before using this method
	at com.selenium.test.junit.tests.PageObjectTest.beforeTest(PageObjectTest.java:26)
</failure>
    <system-out><![CDATA[ScreenShot method called
]]></system-out>
    <system-err><![CDATA[1507753567699	Marionette	INFO	New connections will no longer be accepted
]]></system-err>
  </testcase>
  <testcase name="testSearch on testSearch(com.selenium.test.junit.tests.GooglePageTest)" classname="com.selenium.test.junit.tests.GooglePageTest" time="8.562"/>
  <testcase name="testFillGoogleForm on testFillGoogleForm(com.selenium.test.junit.tests.SimpleTest)" classname="com.selenium.test.junit.tests.SimpleTest" time="14.282">
    <failure message="Unable to locate element: #masthead-search-term&#10;For documentation on this error, please visit: http://seleniumhq.org/exceptions/no_such_element.html&#10;Build info: version: &apos;3.5.3&apos;, revision: &apos;a88d25fe6b&apos;, time: &apos;2017-08-29T12:42:44.417Z&apos;&#10;System info: host: &apos;DESKTOP-GVASRPU&apos;, ip: &apos;192.168.1.37&apos;, os.name: &apos;Windows 10&apos;, os.arch: &apos;amd64&apos;, os.version: &apos;10.0&apos;, java.version: &apos;1.8.0_144&apos;&#10;Driver info: org.openqa.selenium.firefox.FirefoxDriver&#10;Capabilities [{moz:profile=C:\Users\park\AppData\Local\Temp\rust_mozprofile.oP0vfEyEqcvY, rotatable=false, timeouts={implicit=0, pageLoad=300000, script=30000}, pageLoadStrategy=normal, moz:headless=false, platform=XP, specificationLevel=0, moz:accessibilityChecks=false, acceptInsecureCerts=true, browserVersion=56.0.1, platformVersion=10.0, moz:processID=1708, browserName=firefox, javascriptEnabled=true, platformName=XP}]&#10;Session ID: 062f5e1f-3c0f-4c02-81f9-8dd7a7076929&#10;*** Element info: {Using=css selector, value=#masthead-search-term}" type="org.openqa.selenium.NoSuchElementException">org.openqa.selenium.NoSuchElementException: 
Unable to locate element: #masthead-search-term
For documentation on this error, please visit: http://seleniumhq.org/exceptions/no_such_element.html
Build info: version: '3.5.3', revision: 'a88d25fe6b', time: '2017-08-29T12:42:44.417Z'
System info: host: 'DESKTOP-GVASRPU', ip: '192.168.1.37', os.name: 'Windows 10', os.arch: 'amd64', os.version: '10.0', java.version: '1.8.0_144'
Driver info: org.openqa.selenium.firefox.FirefoxDriver
Capabilities [{moz:profile=C:\Users\park\AppData\Local\Temp\rust_mozprofile.oP0vfEyEqcvY, rotatable=false, timeouts={implicit=0, pageLoad=300000, script=30000}, pageLoadStrategy=normal, moz:headless=false, platform=XP, specificationLevel=0, moz:accessibilityChecks=false, acceptInsecureCerts=true, browserVersion=56.0.1, platformVersion=10.0, moz:processID=1708, browserName=firefox, javascriptEnabled=true, platformName=XP}]
Session ID: 062f5e1f-3c0f-4c02-81f9-8dd7a7076929
*** Element info: {Using=css selector, value=#masthead-search-term}
	at com.selenium.test.junit.tests.SimpleTest.testFillGoogleForm(SimpleTest.java:34)
</failure>
    <system-out><![CDATA[ScreenShot method called
]]></system-out>
    <system-err><![CDATA[1507753577040	geckodriver	INFO	geckodriver 0.19.0
1507753577048	geckodriver	INFO	Listening on 127.0.0.1:35339
1507753577688	mozrunner::runner	INFO	Running command: "C:\\Program Files\\Mozilla Firefox\\firefox.exe" "-marionette" "-profile" "C:\\Users\\park\\AppData\\Local\\Temp\\rust_mozprofile.oP0vfEyEqcvY"
1507753578206	addons.xpi	WARN	Error parsing extensions state: [Exception... "Component returned failure code: 0x80520012 (NS_ERROR_FILE_NOT_FOUND) [amIAddonManagerStartup.readStartupData]"  nsresult: "0x80520012 (NS_ERROR_FILE_NOT_FOUND)"  location: "JS frame :: resource://gre/modules/addons/XPIProvider.jsm :: loadExtensionState :: line 1554"  data: no] Stack trace: loadExtensionState()@resource://gre/modules/addons/XPIProvider.jsm:1554 < getInstallState()@resource://gre/modules/addons/XPIProvider.jsm:1589 < checkForChanges()@resource://gre/modules/addons/XPIProvider.jsm:3109 < startup()@resource://gre/modules/addons/XPIProvider.jsm:2188 < callProvider()@resource://gre/modules/AddonManager.jsm:269 < _startProvider()@resource://gre/modules/AddonManager.jsm:739 < startup()@resource://gre/modules/AddonManager.jsm:906 < startup()@resource://gre/modules/AddonManager.jsm:3090 < observe()@jar:file:///C:/Program%20Files/Mozilla%20Firefox/omni.ja!/components/addonManager.js:65
1507753578740	Marionette	INFO	Enabled via --marionette
1507753580827	Marionette	INFO	Listening on port 58713
Unable to read VR Path Registry from C:\Users\park\AppData\Local\openvr\openvrpaths.vrpath
[Child 7768] WARNING: pipe error: 109: file z:/build/build/src/ipc/chromium/src/chrome/common/ipc_channel_win.cc, line 346
[Child 7768] WARNING: pipe error: 109: file z:/build/build/src/ipc/chromium/src/chrome/common/ipc_channel_win.cc, line 346
1507753580877	Marionette	WARN	TLS certificate errors will be ignored for this session
1507753580937	Marionette	DEBUG	Register listener.js for window 4294967297
????. 11, 2017 11:26:21 PM org.openqa.selenium.remote.ProtocolHandshake createSession
INFO: Detected dialect: W3C
1507753581094	Marionette	DEBUG	Received DOM event "beforeunload" for "about:blank"
1507753582139	Marionette	DEBUG	Received DOM event "pagehide" for "about:blank"
1507753582140	Marionette	DEBUG	Received DOM event "unload" for "about:blank"
1507753584910	Marionette	DEBUG	Received DOM event "DOMContentLoaded" for "https://www.youtube.com/"
1507753585436	Marionette	DEBUG	Received DOM event "pageshow" for "https://www.youtube.com/"
1507753590524	Marionette	INFO	New connections will no longer be accepted
Unable to read VR Path Registry from C:\Users\park\AppData\Local\openvr\openvrpaths.vrpath
[Parent 1708] WARNING: pipe error: 109: file z:/build/build/src/ipc/chromium/src/chrome/common/ipc_channel_win.cc, line 346
]]></system-err>
  </testcase>
</testsuite>